#
# There is insufficient memory for the Java Runtime Environment to continue.
# Native memory allocation (malloc) failed to allocate 32744 bytes for ChunkPool::allocate
# Possible reasons:
#   The system is out of physical RAM or swap space
#   The process is running with CompressedOops enabled, and the Java Heap may be blocking the growth of the native heap
# Possible solutions:
#   Reduce memory load on the system
#   Increase physical memory or swap space
#   Check if swap backing store is full
#   Decrease Java heap size (-Xmx/-Xms)
#   Decrease number of Java threads
#   Decrease Java thread stack sizes (-Xss)
#   Set larger code cache with -XX:ReservedCodeCacheSize=
#   JVM is running with Unscaled Compressed Oops mode in which the Java heap is
#     placed in the first 4GB address space. The Java Heap base address is the
#     maximum limit for the native heap growth. Please use -XX:HeapBaseMinAddress
#     to set the Java Heap base and to place the Java Heap above 4GB virtual address.
# This output file may be truncated or incomplete.
#
#  Out of Memory Error (allocation.cpp:272), pid=20008, tid=0x0000000000002074
#
# JRE version: OpenJDK Runtime Environment (8.0_242-b01) (build 1.8.0_242-release-1644-b01)
# Java VM: OpenJDK 64-Bit Server VM (25.242-b01 mixed mode windows-amd64 compressed oops)
# Failed to write core dump. Minidumps are not enabled by default on client versions of Windows
#

---------------  T H R E A D  ---------------

Current thread (0x00000000162b8000):  JavaThread "C1 CompilerThread2" daemon [_thread_in_native, id=8308, stack(0x0000000018140000,0x0000000018240000)]

Stack: [0x0000000018140000,0x0000000018240000]
[error occurred during error reporting (printing stack bounds), id 0xc0000005]

Native frames: (J=compiled Java code, j=interpreted, Vv=VM code, C=native code)


Current CompileTask:
C1:   1936 1547       3       org.objectweb.asm.Frame::execute (2318 bytes)


---------------  P R O C E S S  ---------------

Java Threads: ( => current thread )
  0x000000001a6ba800 JavaThread "Cache worker for file hash cache (C:\Projects\teste\flutter_codebar_reader\example\android\.gradle\5.6.2\fileHashes)" [_thread_blocked, id=17640, stack(0x000000001ee00000,0x000000001ef00000)]
  0x000000001a6c0000 JavaThread "Cache worker for journal cache (C:\Users\giuliano.jordao\.gradle\caches\journal-1)" [_thread_blocked, id=12372, stack(0x000000001c580000,0x000000001c680000)]
  0x000000001a6bb800 JavaThread "File lock request listener" [_thread_in_native, id=13340, stack(0x000000001c480000,0x000000001c580000)]
  0x000000001a6a6800 JavaThread "Cache worker for file hash cache (C:\Users\giuliano.jordao\.gradle\caches\5.6.2\fileHashes)" [_thread_blocked, id=19180, stack(0x000000001c280000,0x000000001c380000)]
  0x000000001a383000 JavaThread "Thread-9" [_thread_blocked, id=15964, stack(0x000000001c180000,0x000000001c280000)]
  0x000000001a37d800 JavaThread "Stdin handler" [_thread_blocked, id=11388, stack(0x000000001c080000,0x000000001c180000)]
  0x000000001a37d000 JavaThread "Asynchronous log dispatcher for DefaultDaemonConnection: socket connection from /127.0.0.1:50674 to /127.0.0.1:50675" [_thread_blocked, id=14576, stack(0x000000001bf80000,0x000000001c080000)]
  0x000000001a394000 JavaThread "Daemon worker" [_thread_in_vm, id=16080, stack(0x000000001be80000,0x000000001bf80000)]
  0x000000001a36f000 JavaThread "Cancel handler" [_thread_blocked, id=2308, stack(0x000000001bd80000,0x000000001be80000)]
  0x000000001a36d800 JavaThread "Handler for socket connection from /127.0.0.1:50674 to /127.0.0.1:50675" [_thread_in_native, id=8396, stack(0x000000001ba80000,0x000000001bb80000)]
  0x000000001a36b000 JavaThread "Daemon" [_thread_blocked, id=3580, stack(0x000000001b980000,0x000000001ba80000)]
  0x000000001a312000 JavaThread "Daemon periodic checks" [_thread_blocked, id=17644, stack(0x000000001b880000,0x000000001b980000)]
  0x000000001a337800 JavaThread "Incoming local TCP Connector on port 50674" [_thread_in_native, id=18768, stack(0x000000001b620000,0x000000001b720000)]
  0x000000001a1c9000 JavaThread "Daemon health stats" [_thread_blocked, id=16792, stack(0x000000001afe0000,0x000000001b0e0000)]
  0x00000000182a8000 JavaThread "Service Thread" daemon [_thread_blocked, id=12308, stack(0x0000000018640000,0x0000000018740000)]
=>0x00000000162b8000 JavaThread "C1 CompilerThread2" daemon [_thread_in_native, id=8308, stack(0x0000000018140000,0x0000000018240000)]
  0x00000000162b2800 JavaThread "C2 CompilerThread1" daemon [_thread_in_native, id=9116, stack(0x0000000018040000,0x0000000018140000)]
  0x00000000162b0800 JavaThread "C2 CompilerThread0" daemon [_thread_in_native, id=14948, stack(0x0000000017f40000,0x0000000018040000)]
  0x00000000162ac000 JavaThread "Attach Listener" daemon [_thread_blocked, id=7844, stack(0x0000000017e40000,0x0000000017f40000)]
  0x00000000162ab000 JavaThread "Signal Dispatcher" daemon [_thread_blocked, id=19432, stack(0x0000000017d40000,0x0000000017e40000)]
  0x00000000026ed800 JavaThread "Finalizer" daemon [_thread_blocked, id=17808, stack(0x0000000017b30000,0x0000000017c30000)]
  0x00000000026e6000 JavaThread "Reference Handler" daemon [_thread_blocked, id=19464, stack(0x0000000017a30000,0x0000000017b30000)]
  0x00000000025f2800 JavaThread "main" [_thread_blocked, id=8020, stack(0x00000000024f0000,0x00000000025f0000)]

Other Threads:
  0x0000000016267800 VMThread [stack: 0x0000000017930000,0x0000000017a30000] [id=800]
  0x00000000182ab000 WatcherThread [stack: 0x0000000018740000,0x0000000018840000] [id=19012]

VM state:not at safepoint (normal execution)

VM Mutex/Monitor currently owned by a thread: None

heap address: 0x00000000a0000000, size: 1536 MB, Compressed Oops mode: 32-bit
Narrow klass base: 0x0000000000000000, Narrow klass shift: 3
Compressed class space size: 1073741824 Address: 0x0000000100000000

Heap:
 PSYoungGen      total 75776K, used 50742K [0x00000000e0000000, 0x00000000e5480000, 0x0000000100000000)
  eden space 65024K, 63% used [0x00000000e0000000,0x00000000e289a508,0x00000000e3f80000)
  from space 10752K, 85% used [0x00000000e4a00000,0x00000000e52f3688,0x00000000e5480000)
  to   space 10752K, 0% used [0x00000000e3f80000,0x00000000e3f80000,0x00000000e4a00000)
 ParOldGen       total 173568K, used 24K [0x00000000a0000000, 0x00000000aa980000, 0x00000000e0000000)
  object space 173568K, 0% used [0x00000000a0000000,0x00000000a0006000,0x00000000aa980000)
 Metaspace       used 17242K, capacity 17670K, committed 18048K, reserved 1064960K
  class space    used 2465K, capacity 2601K, committed 2688K, reserved 1048576K

Card table byte_map: [0x0000000011ab0000,0x0000000011dc0000] byte_map_base: 0x00000000115b0000

Marking Bits: (ParMarkBitMap*) 0x000000006764f030
 Begin Bits: [0x00000000125c0000, 0x0000000013dc0000)
 End Bits:   [0x0000000013dc0000, 0x00000000155c0000)

Polling page: 0x0000000002350000

CodeCache: size=245760Kb used=5364Kb max_used=5364Kb free=240395Kb
 bounds [0x00000000026f0000, 0x0000000002c30000, 0x00000000116f0000]
 total_blobs=1936 nmethods=1537 adapters=312
 compilation: enabled

Compilation events (10 events):
Event: 1.933 Thread 0x00000000162b8000 nmethod 1542 0x0000000002c2c210 code [0x0000000002c2c380, 0x0000000002c2c588]
Event: 1.933 Thread 0x00000000162b8000 1543       3       org.objectweb.asm.ByteVector::putByte (39 bytes)
Event: 1.933 Thread 0x00000000162b8000 nmethod 1543 0x0000000002c2c650 code [0x0000000002c2c7c0, 0x0000000002c2c9e8]
Event: 1.933 Thread 0x00000000162b8000 1544       3       org.objectweb.asm.Symbol::<init> (38 bytes)
Event: 1.933 Thread 0x00000000162b8000 nmethod 1544 0x0000000002c2cb10 code [0x0000000002c2cc60, 0x0000000002c2ce70]
Event: 1.933 Thread 0x00000000162b8000 1546       3       org.objectweb.asm.ByteVector::putUTF8 (144 bytes)
Event: 1.934 Thread 0x00000000162b8000 nmethod 1546 0x0000000002c2cf50 code [0x0000000002c2d140, 0x0000000002c2d9b8]
Event: 1.934 Thread 0x00000000162b8000 1545       3       org.objectweb.asm.SymbolTable::put (150 bytes)
Event: 1.934 Thread 0x00000000162b8000 nmethod 1545 0x0000000002c2de50 code [0x0000000002c2e000, 0x0000000002c2e730]
Event: 1.934 Thread 0x00000000162b8000 1547       3       org.objectweb.asm.Frame::execute (2318 bytes)

GC Heap History (4 events):
Event: 0.779 GC heap before
{Heap before GC invocations=1 (full 0):
 PSYoungGen      total 75776K, used 65024K [0x00000000e0000000, 0x00000000e5480000, 0x0000000100000000)
  eden space 65024K, 100% used [0x00000000e0000000,0x00000000e3f80000,0x00000000e3f80000)
  from space 10752K, 0% used [0x00000000e4a00000,0x00000000e4a00000,0x00000000e5480000)
  to   space 10752K, 0% used [0x00000000e3f80000,0x00000000e3f80000,0x00000000e4a00000)
 ParOldGen       total 173568K, used 0K [0x00000000a0000000, 0x00000000aa980000, 0x00000000e0000000)
  object space 173568K, 0% used [0x00000000a0000000,0x00000000a0000000,0x00000000aa980000)
 Metaspace       used 7334K, capacity 7606K, committed 7936K, reserved 1056768K
  class space    used 882K, capacity 946K, committed 1024K, reserved 1048576K
Event: 0.785 GC heap after
Heap after GC invocations=1 (full 0):
 PSYoungGen      total 75776K, used 5498K [0x00000000e0000000, 0x00000000e5480000, 0x0000000100000000)
  eden space 65024K, 0% used [0x00000000e0000000,0x00000000e0000000,0x00000000e3f80000)
  from space 10752K, 51% used [0x00000000e3f80000,0x00000000e44de878,0x00000000e4a00000)
  to   space 10752K, 0% used [0x00000000e4a00000,0x00000000e4a00000,0x00000000e5480000)
 ParOldGen       total 173568K, used 16K [0x00000000a0000000, 0x00000000aa980000, 0x00000000e0000000)
  object space 173568K, 0% used [0x00000000a0000000,0x00000000a0004000,0x00000000aa980000)
 Metaspace       used 7334K, capacity 7606K, committed 7936K, reserved 1056768K
  class space    used 882K, capacity 946K, committed 1024K, reserved 1048576K
}
Event: 1.610 GC heap before
{Heap before GC invocations=2 (full 0):
 PSYoungGen      total 75776K, used 70522K [0x00000000e0000000, 0x00000000e5480000, 0x0000000100000000)
  eden space 65024K, 100% used [0x00000000e0000000,0x00000000e3f80000,0x00000000e3f80000)
  from space 10752K, 51% used [0x00000000e3f80000,0x00000000e44de878,0x00000000e4a00000)
  to   space 10752K, 0% used [0x00000000e4a00000,0x00000000e4a00000,0x00000000e5480000)
 ParOldGen       total 173568K, used 16K [0x00000000a0000000, 0x00000000aa980000, 0x00000000e0000000)
  object space 173568K, 0% used [0x00000000a0000000,0x00000000a0004000,0x00000000aa980000)
 Metaspace       used 14026K, capacity 14394K, committed 14592K, reserved 1062912K
  class space    used 1936K, capacity 2037K, committed 2048K, reserved 1048576K
Event: 1.617 GC heap after
Heap after GC invocations=2 (full 0):
 PSYoungGen      total 75776K, used 9165K [0x00000000e0000000, 0x00000000e5480000, 0x0000000100000000)
  eden space 65024K, 0% used [0x00000000e0000000,0x00000000e0000000,0x00000000e3f80000)
  from space 10752K, 85% used [0x00000000e4a00000,0x00000000e52f3688,0x00000000e5480000)
  to   space 10752K, 0% used [0x00000000e3f80000,0x00000000e3f80000,0x00000000e4a00000)
 ParOldGen       total 173568K, used 24K [0x00000000a0000000, 0x00000000aa980000, 0x00000000e0000000)
  object space 173568K, 0% used [0x00000000a0000000,0x00000000a0006000,0x00000000aa980000)
 Metaspace       used 14026K, capacity 14394K, committed 14592K, reserved 1062912K
  class space    used 1936K, capacity 2037K, committed 2048K, reserved 1048576K
}

Deoptimization events (10 events):
Event: 1.092 Thread 0x00000000025f2800 Uncommon trap: reason=unstable_if action=reinterpret pc=0x00000000029b12bc method=java.io.WinNTFileSystem.normalize(Ljava/lang/String;)Ljava/lang/String; @ 128
Event: 1.366 Thread 0x000000001a394000 Uncommon trap: reason=bimorphic action=maybe_recompile pc=0x00000000029858ec method=java.util.HashMap.putVal(ILjava/lang/Object;Ljava/lang/Object;ZZ)Ljava/lang/Object; @ 253
Event: 1.366 Thread 0x000000001a394000 Uncommon trap: reason=bimorphic action=maybe_recompile pc=0x00000000029858ec method=java.util.HashMap.putVal(ILjava/lang/Object;Ljava/lang/Object;ZZ)Ljava/lang/Object; @ 253
Event: 1.366 Thread 0x000000001a394000 Uncommon trap: reason=bimorphic action=maybe_recompile pc=0x00000000029858ec method=java.util.HashMap.putVal(ILjava/lang/Object;Ljava/lang/Object;ZZ)Ljava/lang/Object; @ 253
Event: 1.496 Thread 0x000000001a394000 Uncommon trap: reason=class_check action=maybe_recompile pc=0x00000000029cc118 method=java.util.regex.Matcher.match(II)Z @ 86
Event: 1.504 Thread 0x000000001a394000 Uncommon trap: reason=class_check action=maybe_recompile pc=0x00000000029cc118 method=java.util.regex.Matcher.match(II)Z @ 86
Event: 1.504 Thread 0x000000001a394000 Uncommon trap: reason=class_check action=maybe_recompile pc=0x00000000029cc118 method=java.util.regex.Matcher.match(II)Z @ 86
Event: 1.504 Thread 0x000000001a394000 Uncommon trap: reason=class_check action=maybe_recompile pc=0x000000000298315c method=java.util.regex.Matcher.match(II)Z @ 86
Event: 1.724 Thread 0x000000001a394000 Uncommon trap: reason=unstable_if action=reinterpret pc=0x0000000002b5b234 method=java.lang.String.lastIndexOf([CII[CIII)I @ 66
Event: 1.789 Thread 0x000000001a394000 Uncommon trap: reason=unstable_if action=reinterpret pc=0x0000000002b50c58 method=java.util.HashMap.putVal(ILjava/lang/Object;Ljava/lang/Object;ZZ)Ljava/lang/Object; @ 236

Classes redefined (0 events):
No events

Internal exceptions (10 events):
Event: 0.311 Thread 0x00000000025f2800 Exception <a 'java/lang/ArrayIndexOutOfBoundsException'> (0x00000000e14749c8) thrown at [C:\src\AOSP-openjdk-git\hotspot\src\share\vm\runtime\sharedRuntime.cpp, line 605]
Event: 0.312 Thread 0x00000000025f2800 Exception <a 'java/lang/ArrayIndexOutOfBoundsException'> (0x00000000e1481f00) thrown at [C:\src\AOSP-openjdk-git\hotspot\src\share\vm\runtime\sharedRuntime.cpp, line 605]
Event: 0.312 Thread 0x00000000025f2800 Exception <a 'java/lang/ArrayIndexOutOfBoundsException'> (0x00000000e1490108) thrown at [C:\src\AOSP-openjdk-git\hotspot\src\share\vm\runtime\sharedRuntime.cpp, line 605]
Event: 0.312 Thread 0x00000000025f2800 Exception <a 'java/lang/ArrayIndexOutOfBoundsException'> (0x00000000e14a51d0) thrown at [C:\src\AOSP-openjdk-git\hotspot\src\share\vm\runtime\sharedRuntime.cpp, line 605]
Event: 0.919 Thread 0x00000000025f2800 Exception <a 'java/lang/NoSuchFieldError': method resolution failed> (0x00000000e1568090) thrown at [C:\src\AOSP-openjdk-git\hotspot\src\share\vm\prims\methodHandles.cpp, line 1167]
Event: 0.919 Thread 0x00000000025f2800 Exception <a 'java/lang/NoSuchFieldError': method resolution failed> (0x00000000e1575db0) thrown at [C:\src\AOSP-openjdk-git\hotspot\src\share\vm\prims\methodHandles.cpp, line 1167]
Event: 1.314 Thread 0x00000000025f2800 Exception <a 'java/io/IOException'> (0x00000000e1db4ed0) thrown at [C:\src\AOSP-openjdk-git\hotspot\src\share\vm\prims\jni.cpp, line 710]
Event: 1.700 Thread 0x000000001a394000 Exception <a 'java/lang/NoSuchMethodError': java.lang.Object.lambda$and$0(Ljava/util/function/Predicate;Ljava/lang/Object;)Z> (0x00000000e0e98040) thrown at [C:\src\AOSP-openjdk-git\hotspot\src\share\vm\interpreter\linkResolver.cpp, line 620]
Event: 1.706 Thread 0x000000001a394000 Exception <a 'java/lang/IncompatibleClassChangeError': Found class java.lang.Object, but interface was expected> (0x00000000e0eae3c8) thrown at [C:\src\AOSP-openjdk-git\hotspot\src\share\vm\interpreter\linkResolver.cpp, line 653]
Event: 1.709 Thread 0x000000001a394000 Exception <a 'java/lang/NoSuchMethodError': java.lang.Object.lambda$or$2(Ljava/util/function/Predicate;Ljava/lang/Object;)Z> (0x00000000e0eb3350) thrown at [C:\src\AOSP-openjdk-git\hotspot\src\share\vm\interpreter\linkResolver.cpp, line 620]

Events (10 events):
Event: 1.926 loading class org/gradle/api/DomainObjectCollection
Event: 1.926 loading class org/gradle/api/DomainObjectCollection done
Event: 1.927 loading class org/gradle/configuration/ConfigurationTargetIdentifier
Event: 1.927 loading class org/gradle/configuration/ConfigurationTargetIdentifier done
Event: 1.929 loading class javax/annotation/Nullable
Event: 1.929 loading class javax/annotation/Nullable done
Event: 1.930 loading class javax/annotation/Nonnull
Event: 1.930 loading class javax/annotation/Nonnull done
Event: 1.935 loading class org/gradle/internal/instantiation/AsmBackedClassGenerator$ClassBuilderImpl$11
Event: 1.935 loading class org/gradle/internal/instantiation/AsmBackedClassGenerator$ClassBuilderImpl$11 done


Dynamic libraries:
0x00007ff72a700000 - 0x00007ff72a731000 	C:\Program Files\Android\Android Studio\jre\bin\java.exe
0x00007ffae4870000 - 0x00007ffae4a66000 	C:\WINDOWS\SYSTEM32\ntdll.dll
0x00007ffae31e0000 - 0x00007ffae329d000 	C:\WINDOWS\System32\KERNEL32.DLL
0x00007ffae22c0000 - 0x00007ffae2589000 	C:\WINDOWS\System32\KERNELBASE.dll
0x00007ffae3630000 - 0x00007ffae36dc000 	C:\WINDOWS\System32\ADVAPI32.dll
0x00007ffae36e0000 - 0x00007ffae377e000 	C:\WINDOWS\System32\msvcrt.dll
0x00007ffae2a60000 - 0x00007ffae2afc000 	C:\WINDOWS\System32\sechost.dll
0x00007ffae4400000 - 0x00007ffae452b000 	C:\WINDOWS\System32\RPCRT4.dll
0x00007ffae45c0000 - 0x00007ffae4760000 	C:\WINDOWS\System32\USER32.dll
0x00007ffae2850000 - 0x00007ffae2872000 	C:\WINDOWS\System32\win32u.dll
0x00007ffae3450000 - 0x00007ffae347a000 	C:\WINDOWS\System32\GDI32.dll
0x00007ffae26b0000 - 0x00007ffae27bb000 	C:\WINDOWS\System32\gdi32full.dll
0x00007ffae2590000 - 0x00007ffae262d000 	C:\WINDOWS\System32\msvcp_win.dll
0x00007ffae2110000 - 0x00007ffae2210000 	C:\WINDOWS\System32\ucrtbase.dll
0x00007ffac7410000 - 0x00007ffac76ab000 	C:\WINDOWS\WinSxS\amd64_microsoft.windows.common-controls_6595b64144ccf1df_6.0.19041.746_none_ca02b4b61b8320a4\COMCTL32.dll
0x00007ffae32a0000 - 0x00007ffae32d0000 	C:\WINDOWS\System32\IMM32.DLL
0x00000000676d0000 - 0x00000000677a2000 	C:\Program Files\Android\Android Studio\jre\jre\bin\msvcr100.dll
0x0000000066e80000 - 0x00000000676cb000 	C:\Program Files\Android\Android Studio\jre\jre\bin\server\jvm.dll
0x00007ffae30a0000 - 0x00007ffae30a8000 	C:\WINDOWS\System32\PSAPI.DLL
0x00007ffadb5d0000 - 0x00007ffadb5d9000 	C:\WINDOWS\SYSTEM32\WSOCK32.dll
0x00007ffae3530000 - 0x00007ffae359b000 	C:\WINDOWS\System32\WS2_32.dll
0x00007ffac5590000 - 0x00007ffac55b7000 	C:\WINDOWS\SYSTEM32\WINMM.dll
0x00007ffadc680000 - 0x00007ffadc68a000 	C:\WINDOWS\SYSTEM32\VERSION.dll
0x00007ffadbe20000 - 0x00007ffadbe2f000 	C:\Program Files\Android\Android Studio\jre\jre\bin\verify.dll
0x00007ffad0d80000 - 0x00007ffad0da9000 	C:\Program Files\Android\Android Studio\jre\jre\bin\java.dll
0x00007ffad5700000 - 0x00007ffad5716000 	C:\Program Files\Android\Android Studio\jre\jre\bin\zip.dll
0x00007ffae37e0000 - 0x00007ffae3f22000 	C:\WINDOWS\System32\SHELL32.dll
0x00007ffae0120000 - 0x00007ffae08b0000 	C:\WINDOWS\SYSTEM32\windows.storage.dll
0x00007ffae2b00000 - 0x00007ffae2e56000 	C:\WINDOWS\System32\combase.dll
0x00007ffae1a10000 - 0x00007ffae1a3c000 	C:\WINDOWS\SYSTEM32\Wldp.dll
0x00007ffae3480000 - 0x00007ffae352e000 	C:\WINDOWS\System32\SHCORE.dll
0x00007ffae4530000 - 0x00007ffae4585000 	C:\WINDOWS\System32\shlwapi.dll
0x00007ffae1ee0000 - 0x00007ffae1f06000 	C:\WINDOWS\SYSTEM32\profapi.dll
0x00007ffad5420000 - 0x00007ffad543a000 	C:\Program Files\Android\Android Studio\jre\jre\bin\net.dll
0x00007ffae1790000 - 0x00007ffae17fa000 	C:\WINDOWS\system32\mswsock.dll
0x00007ffad53a0000 - 0x00007ffad53b3000 	C:\Program Files\Android\Android Studio\jre\jre\bin\nio.dll
0x00007ffad0d50000 - 0x00007ffad0d76000 	C:\Users\giuliano.jordao\.gradle\native\30\windows-amd64\native-platform.dll
0x00007ffadbe10000 - 0x00007ffadbe1d000 	C:\Program Files\Android\Android Studio\jre\jre\bin\management.dll
0x00007ffae1960000 - 0x00007ffae1978000 	C:\WINDOWS\SYSTEM32\CRYPTSP.dll
0x00007ffae10c0000 - 0x00007ffae10f4000 	C:\WINDOWS\system32\rsaenh.dll
0x00007ffae27c0000 - 0x00007ffae27e7000 	C:\WINDOWS\System32\bcrypt.dll
0x00007ffae1e60000 - 0x00007ffae1e8e000 	C:\WINDOWS\SYSTEM32\USERENV.dll
0x00007ffae2630000 - 0x00007ffae26b0000 	C:\WINDOWS\System32\bcryptprimitives.dll
0x00007ffae1980000 - 0x00007ffae198c000 	C:\WINDOWS\SYSTEM32\CRYPTBASE.dll
0x00007ffae1430000 - 0x00007ffae146b000 	C:\WINDOWS\SYSTEM32\IPHLPAPI.DLL
0x00007ffae4590000 - 0x00007ffae4598000 	C:\WINDOWS\System32\NSI.dll
0x00007ffadb2d0000 - 0x00007ffadb2e7000 	C:\WINDOWS\SYSTEM32\dhcpcsvc6.DLL
0x00007ffadb250000 - 0x00007ffadb26d000 	C:\WINDOWS\SYSTEM32\dhcpcsvc.DLL
0x00007ffae1470000 - 0x00007ffae153b000 	C:\WINDOWS\SYSTEM32\DNSAPI.dll

VM Arguments:
jvm_args: -Xmx1536M -Dfile.encoding=windows-1252 -Duser.country=BR -Duser.language=pt -Duser.variant 
java_command: org.gradle.launcher.daemon.bootstrap.GradleDaemon 5.6.2
java_class_path (initial): C:\Users\giuliano.jordao\.gradle\wrapper\dists\gradle-5.6.2-all\9st6wgf78h16so49nn74lgtbb\gradle-5.6.2\lib\gradle-launcher-5.6.2.jar
Launcher Type: SUN_STANDARD

Environment Variables:
JAVA_HOME=C:\Program Files\Android\Android Studio\jre
CLASSPATH=C:\Projects\teste\flutter_codebar_reader\example\android\\gradle\wrapper\gradle-wrapper.jar
PATH=C:\WINDOWS\system32;C:\WINDOWS;C:\WINDOWS\System32\Wbem;C:\WINDOWS\System32\WindowsPowerShell\v1.0\;C:\WINDOWS\System32\OpenSSH\;C:\Program Files\Git\cmd;C:\ProgramData\chocolatey\bin;C:\tools\flutter\bin;C:\tools\dart-sdk\bin;C:\tools\protobuf\bin;C:\tools\protobuf\include;C:\Users\giuliano.jordao\AppData\Local\Pub\Cache\bin;C:\Users\giuliano.jordao\AppData\Local\Android\Sdk;C:\Users\giuliano.jordao\AppData\Roaming\Pub\Cache\bin;C:\Users\giuliano.jordao.TRINUS-CAPITAL\AppData\Local\Pub\Cache\bin;C:\Users\giuliano.jordao.TRINUS-CAPITAL\AppData\Local\Android\Sdk;C:\Users\giuliano.jordao.TRINUS-CAPITAL\AppData\Roaming\Pub\Cache\bin;C:\Users\giuliano.jordao\AppData\Local\Microsoft\WindowsApps;C:\Users\giuliano.jordao\AppData\Local\Programs\Microsoft VS Code\bin
USERNAME=giuliano.jordao
OS=Windows_NT
PROCESSOR_IDENTIFIER=Intel64 Family 6 Model 158 Stepping 10, GenuineIntel



---------------  S Y S T E M  ---------------

OS: Windows 10.0 , 64 bit Build 19041 (10.0.19041.804)

CPU:total 6 (initial active 6) (6 cores per cpu, 1 threads per core) family 6 model 158 stepping 10, cmov, cx8, fxsr, mmx, sse, sse2, sse3, ssse3, sse4.1, sse4.2, popcnt, avx, avx2, aes, clmul, erms, rtm, 3dnowpref, lzcnt, tsc, tscinvbit, bmi1, bmi2, adx

Memory: 4k page, physical 16581700k(437092k free), swap 47503168k(4148k free)

vm_info: OpenJDK 64-Bit Server VM (25.242-b01) for windows-amd64 JRE (1.8.0_242-release-1644-b01), built by "builder" with MS VC++ 10.0 (VS2010)

time: Fri Mar 05 11:14:20 2021
timezone: Hora oficial do Brasil
elapsed time: 1 seconds (0d 0h 0m 1s)

